<2020-03-11 16:01:55> {
    "errors": [],
    "params": {
        "transaction": {
            "type": "sale",
            "amount": "2000",
            "paymentMethodNonce": "fake-valid-nonce",
            "purchaseOrderNumber": "1219",
            "taxAmount": "0",
            "shippingAmount": "0",
            "discountAmount": "0",
            "shipsFromPostalCode": "90212",
            "shipping": {
                "firstName": "valentin",
                "lastName": "kormanov",
                "streetAddress": "1432 Golden Gate Boulevard",
                "extendedAddress": null,
                "locality": "Mayfield Heights",
                "region": null,
                "postalCode": "44124",
                "countryCodeAlpha3": "USA"
            },
            "customerId": "5e56c8fa3c078604c7562b74",
            "options": {
                "submitForSettlement": "true"
            }
        }
    },
    "message": "Do Not Honor",
    "transaction": {
        "id": "nk1s46c6",
        "status": "processor_declined",
        "type": "sale",
        "currencyIsoCode": "USD",
        "amount": "2000.00",
        "merchantAccountId": "avacosmetika",
        "subMerchantAccountId": null,
        "masterMerchantAccountId": null,
        "orderId": null,
        "createdAt": {
            "date": "2020-03-11 20:01:54.000000",
            "timezone_type": 3,
            "timezone": "UTC"
        },
        "updatedAt": {
            "date": "2020-03-11 20:01:54.000000",
            "timezone_type": 3,
            "timezone": "UTC"
        },
        "customer": {
            "id": "5e56c8fa3c078604c7562b74",
            "firstName": "valentin",
            "lastName": "kormanov",
            "company": null,
            "email": "guve4e@gmail.com",
            "website": null,
            "phone": "2245789633",
            "fax": null,
            "globalId": "Y3VzdG9tZXJfNWU1NmM4ZmEzYzA3ODYwNGM3NTYyYjc0"
        },
        "billing": {
            "id": null,
            "firstName": null,
            "lastName": null,
            "company": null,
            "streetAddress": null,
            "extendedAddress": null,
            "locality": null,
            "region": null,
            "postalCode": "94107",
            "countryName": null,
            "countryCodeAlpha2": null,
            "countryCodeAlpha3": null,
            "countryCodeNumeric": null
        },
        "refundId": null,
        "refundIds": [],
        "refundedTransactionId": null,
        "partialSettlementTransactionIds": [],
        "authorizedTransactionId": null,
        "settlementBatchId": null,
        "shipping": {
            "id": null,
            "firstName": "valentin",
            "lastName": "kormanov",
            "company": null,
            "streetAddress": "1432 Golden Gate Boulevard",
            "extendedAddress": null,
            "locality": "Mayfield Heights",
            "region": null,
            "postalCode": "44124",
            "countryName": "United States of America",
            "countryCodeAlpha2": "US",
            "countryCodeAlpha3": "USA",
            "countryCodeNumeric": "840"
        },
        "customFields": null,
        "avsErrorResponseCode": null,
        "avsPostalCodeResponseCode": "M",
        "avsStreetAddressResponseCode": "I",
        "cvvResponseCode": "M",
        "gatewayRejectionReason": null,
        "processorAuthorizationCode": null,
        "processorResponseCode": "2000",
        "processorResponseText": "Do Not Honor",
        "additionalProcessorResponse": "2000 : Do Not Honor",
        "voiceReferralNumber": null,
        "purchaseOrderNumber": "1219",
        "taxAmount": "0.00",
        "taxExempt": false,
        "creditCard": {
            "token": null,
            "bin": "401288",
            "last4": "1881",
            "cardType": "Visa",
            "expirationMonth": "12",
            "expirationYear": "2021",
            "customerLocation": "US",
            "cardholderName": null,
            "imageUrl": "https:\/\/assets.braintreegateway.com\/payment_method_logo\/visa.png?environment=sandbox",
            "prepaid": "No",
            "healthcare": "Unknown",
            "debit": "Unknown",
            "durbinRegulated": "Unknown",
            "commercial": "Unknown",
            "payroll": "Unknown",
            "issuingBank": "Unknown",
            "countryOfIssuance": "Unknown",
            "productId": "Unknown",
            "globalId": null,
            "accountType": null,
            "uniqueNumberIdentifier": null,
            "venmoSdk": false
        },
        "statusHistory": [
            []
        ],
        "planId": null,
        "subscriptionId": null,
        "subscription": {
            "billingPeriodEndDate": null,
            "billingPeriodStartDate": null
        },
        "addOns": [],
        "discounts": [],
        "descriptor": [],
        "recurring": false,
        "channel": null,
        "serviceFeeAmount": null,
        "escrowStatus": null,
        "disbursementDetails": [],
        "disputes": [],
        "authorizationAdjustments": [],
        "paymentInstrumentType": "credit_card",
        "processorSettlementResponseCode": null,
        "processorSettlementResponseText": null,
        "networkResponseCode": "XX",
        "networkResponseText": "sample network response text",
        "threeDSecureInfo": null,
        "shipsFromPostalCode": "90212",
        "shippingAmount": "0.00",
        "discountAmount": "0.00",
        "networkTransactionId": "020200311200154",
        "processorResponseType": "soft_declined",
        "authorizationExpiresAt": null,
        "refundGlobalIds": [],
        "partialSettlementTransactionGlobalIds": [],
        "refundedTransactionGlobalId": null,
        "authorizedTransactionGlobalId": null,
        "globalId": "dHJhbnNhY3Rpb25fbmsxczQ2YzY",
        "retryIds": [],
        "retriedTransactionId": null,
        "retrievalReferenceNumber": "1234567",
        "creditCardDetails": [],
        "customerDetails": [],
        "billingDetails": [],
        "shippingDetails": [],
        "subscriptionDetails": []
    },
    "creditCardVerification": null,
    "subscription": null,
    "merchantAccount": null,
    "verification": null
}
<2020-03-11 16:04:50> {
    "errors": [],
    "params": {
        "transaction": {
            "type": "sale",
            "amount": "3000",
            "paymentMethodNonce": "fake-valid-nonce",
            "purchaseOrderNumber": "1219",
            "taxAmount": "0",
            "shippingAmount": "0",
            "discountAmount": "0",
            "shipsFromPostalCode": "90212",
            "shipping": {
                "firstName": "valentin",
                "lastName": "kormanov",
                "streetAddress": "1432 Golden Gate Boulevard",
                "extendedAddress": null,
                "locality": "Mayfield Heights",
                "region": null,
                "postalCode": "44124",
                "countryCodeAlpha3": "USA"
            },
            "customerId": "5e56c8fa3c078604c7562b74",
            "options": {
                "submitForSettlement": "true"
            }
        }
    },
    "message": "Processor Network Unavailable - Try Again",
    "transaction": {
        "id": "81g1kktn",
        "status": "failed",
        "type": "sale",
        "currencyIsoCode": "USD",
        "amount": "3000.00",
        "merchantAccountId": "avacosmetika",
        "subMerchantAccountId": null,
        "masterMerchantAccountId": null,
        "orderId": null,
        "createdAt": {
            "date": "2020-03-11 20:04:50.000000",
            "timezone_type": 3,
            "timezone": "UTC"
        },
        "updatedAt": {
            "date": "2020-03-11 20:04:50.000000",
            "timezone_type": 3,
            "timezone": "UTC"
        },
        "customer": {
            "id": "5e56c8fa3c078604c7562b74",
            "firstName": "valentin",
            "lastName": "kormanov",
            "company": null,
            "email": "guve4e@gmail.com",
            "website": null,
            "phone": "2245789633",
            "fax": null,
            "globalId": "Y3VzdG9tZXJfNWU1NmM4ZmEzYzA3ODYwNGM3NTYyYjc0"
        },
        "billing": {
            "id": null,
            "firstName": null,
            "lastName": null,
            "company": null,
            "streetAddress": null,
            "extendedAddress": null,
            "locality": null,
            "region": null,
            "postalCode": "94107",
            "countryName": null,
            "countryCodeAlpha2": null,
            "countryCodeAlpha3": null,
            "countryCodeNumeric": null
        },
        "refundId": null,
        "refundIds": [],
        "refundedTransactionId": null,
        "partialSettlementTransactionIds": [],
        "authorizedTransactionId": null,
        "settlementBatchId": null,
        "shipping": {
            "id": null,
            "firstName": "valentin",
            "lastName": "kormanov",
            "company": null,
            "streetAddress": "1432 Golden Gate Boulevard",
            "extendedAddress": null,
            "locality": "Mayfield Heights",
            "region": null,
            "postalCode": "44124",
            "countryName": "United States of America",
            "countryCodeAlpha2": "US",
            "countryCodeAlpha3": "USA",
            "countryCodeNumeric": "840"
        },
        "customFields": null,
        "avsErrorResponseCode": null,
        "avsPostalCodeResponseCode": "M",
        "avsStreetAddressResponseCode": "I",
        "cvvResponseCode": "M",
        "gatewayRejectionReason": null,
        "processorAuthorizationCode": null,
        "processorResponseCode": "3000",
        "processorResponseText": "Processor Network Unavailable - Try Again",
        "additionalProcessorResponse": "3000 : Processor Network Unavailable - Try Again",
        "voiceReferralNumber": null,
        "purchaseOrderNumber": "1219",
        "taxAmount": "0.00",
        "taxExempt": false,
        "creditCard": {
            "token": null,
            "bin": "401288",
            "last4": "1881",
            "cardType": "Visa",
            "expirationMonth": "12",
            "expirationYear": "2021",
            "customerLocation": "US",
            "cardholderName": null,
            "imageUrl": "https:\/\/assets.braintreegateway.com\/payment_method_logo\/visa.png?environment=sandbox",
            "prepaid": "No",
            "healthcare": "Unknown",
            "debit": "Unknown",
            "durbinRegulated": "Unknown",
            "commercial": "Unknown",
            "payroll": "Unknown",
            "issuingBank": "Unknown",
            "countryOfIssuance": "Unknown",
            "productId": "Unknown",
            "globalId": null,
            "accountType": null,
            "uniqueNumberIdentifier": null,
            "venmoSdk": false
        },
        "statusHistory": [
            []
        ],
        "planId": null,
        "subscriptionId": null,
        "subscription": {
            "billingPeriodEndDate": null,
            "billingPeriodStartDate": null
        },
        "addOns": [],
        "discounts": [],
        "descriptor": [],
        "recurring": false,
        "channel": null,
        "serviceFeeAmount": null,
        "escrowStatus": null,
        "disbursementDetails": [],
        "disputes": [],
        "authorizationAdjustments": [],
        "paymentInstrumentType": "credit_card",
        "processorSettlementResponseCode": null,
        "processorSettlementResponseText": null,
        "networkResponseCode": "XX",
        "networkResponseText": "sample network response text",
        "threeDSecureInfo": null,
        "shipsFromPostalCode": "90212",
        "shippingAmount": "0.00",
        "discountAmount": "0.00",
        "networkTransactionId": "020200311200450",
        "processorResponseType": "soft_declined",
        "authorizationExpiresAt": null,
        "refundGlobalIds": [],
        "partialSettlementTransactionGlobalIds": [],
        "refundedTransactionGlobalId": null,
        "authorizedTransactionGlobalId": null,
        "globalId": "dHJhbnNhY3Rpb25fODFnMWtrdG4",
        "retryIds": [],
        "retriedTransactionId": null,
        "retrievalReferenceNumber": "1234567",
        "creditCardDetails": [],
        "customerDetails": [],
        "billingDetails": [],
        "shippingDetails": [],
        "subscriptionDetails": []
    },
    "creditCardVerification": null,
    "subscription": null,
    "merchantAccount": null,
    "verification": null
}
<2020-03-11 16:05:23> {
    "errors": [],
    "params": {
        "transaction": {
            "type": "sale",
            "amount": "3000",
            "paymentMethodNonce": "fake-valid-nonce",
            "purchaseOrderNumber": "1219",
            "taxAmount": "0",
            "shippingAmount": "0",
            "discountAmount": "0",
            "shipsFromPostalCode": "90212",
            "shipping": {
                "firstName": "valentin",
                "lastName": "kormanov",
                "streetAddress": "1432 Golden Gate Boulevard",
                "extendedAddress": null,
                "locality": "Mayfield Heights",
                "region": null,
                "postalCode": "44124",
                "countryCodeAlpha3": "USA"
            },
            "customerId": "5e56c8fa3c078604c7562b74",
            "options": {
                "submitForSettlement": "true"
            }
        }
    },
    "message": "Processor Network Unavailable - Try Again",
    "transaction": {
        "id": "fm5fdksy",
        "status": "failed",
        "type": "sale",
        "currencyIsoCode": "USD",
        "amount": "3000.00",
        "merchantAccountId": "avacosmetika",
        "subMerchantAccountId": null,
        "masterMerchantAccountId": null,
        "orderId": null,
        "createdAt": {
            "date": "2020-03-11 20:05:16.000000",
            "timezone_type": 3,
            "timezone": "UTC"
        },
        "updatedAt": {
            "date": "2020-03-11 20:05:16.000000",
            "timezone_type": 3,
            "timezone": "UTC"
        },
        "customer": {
            "id": "5e56c8fa3c078604c7562b74",
            "firstName": "valentin",
            "lastName": "kormanov",
            "company": null,
            "email": "guve4e@gmail.com",
            "website": null,
            "phone": "2245789633",
            "fax": null,
            "globalId": "Y3VzdG9tZXJfNWU1NmM4ZmEzYzA3ODYwNGM3NTYyYjc0"
        },
        "billing": {
            "id": null,
            "firstName": null,
            "lastName": null,
            "company": null,
            "streetAddress": null,
            "extendedAddress": null,
            "locality": null,
            "region": null,
            "postalCode": "94107",
            "countryName": null,
            "countryCodeAlpha2": null,
            "countryCodeAlpha3": null,
            "countryCodeNumeric": null
        },
        "refundId": null,
        "refundIds": [],
        "refundedTransactionId": null,
        "partialSettlementTransactionIds": [],
        "authorizedTransactionId": null,
        "settlementBatchId": null,
        "shipping": {
            "id": null,
            "firstName": "valentin",
            "lastName": "kormanov",
            "company": null,
            "streetAddress": "1432 Golden Gate Boulevard",
            "extendedAddress": null,
            "locality": "Mayfield Heights",
            "region": null,
            "postalCode": "44124",
            "countryName": "United States of America",
            "countryCodeAlpha2": "US",
            "countryCodeAlpha3": "USA",
            "countryCodeNumeric": "840"
        },
        "customFields": null,
        "avsErrorResponseCode": null,
        "avsPostalCodeResponseCode": "M",
        "avsStreetAddressResponseCode": "I",
        "cvvResponseCode": "M",
        "gatewayRejectionReason": null,
        "processorAuthorizationCode": null,
        "processorResponseCode": "3000",
        "processorResponseText": "Processor Network Unavailable - Try Again",
        "additionalProcessorResponse": "3000 : Processor Network Unavailable - Try Again",
        "voiceReferralNumber": null,
        "purchaseOrderNumber": "1219",
        "taxAmount": "0.00",
        "taxExempt": false,
        "creditCard": {
            "token": null,
            "bin": "401288",
            "last4": "1881",
            "cardType": "Visa",
            "expirationMonth": "12",
            "expirationYear": "2021",
            "customerLocation": "US",
            "cardholderName": null,
            "imageUrl": "https:\/\/assets.braintreegateway.com\/payment_method_logo\/visa.png?environment=sandbox",
            "prepaid": "No",
            "healthcare": "Unknown",
            "debit": "Unknown",
            "durbinRegulated": "Unknown",
            "commercial": "Unknown",
            "payroll": "Unknown",
            "issuingBank": "Unknown",
            "countryOfIssuance": "Unknown",
            "productId": "Unknown",
            "globalId": null,
            "accountType": null,
            "uniqueNumberIdentifier": null,
            "venmoSdk": false
        },
        "statusHistory": [
            []
        ],
        "planId": null,
        "subscriptionId": null,
        "subscription": {
            "billingPeriodEndDate": null,
            "billingPeriodStartDate": null
        },
        "addOns": [],
        "discounts": [],
        "descriptor": [],
        "recurring": false,
        "channel": null,
        "serviceFeeAmount": null,
        "escrowStatus": null,
        "disbursementDetails": [],
        "disputes": [],
        "authorizationAdjustments": [],
        "paymentInstrumentType": "credit_card",
        "processorSettlementResponseCode": null,
        "processorSettlementResponseText": null,
        "networkResponseCode": "XX",
        "networkResponseText": "sample network response text",
        "threeDSecureInfo": null,
        "shipsFromPostalCode": "90212",
        "shippingAmount": "0.00",
        "discountAmount": "0.00",
        "networkTransactionId": "020200311200516",
        "processorResponseType": "soft_declined",
        "authorizationExpiresAt": null,
        "refundGlobalIds": [],
        "partialSettlementTransactionGlobalIds": [],
        "refundedTransactionGlobalId": null,
        "authorizedTransactionGlobalId": null,
        "globalId": "dHJhbnNhY3Rpb25fZm01ZmRrc3k",
        "retryIds": [],
        "retriedTransactionId": null,
        "retrievalReferenceNumber": "1234567",
        "creditCardDetails": [],
        "customerDetails": [],
        "billingDetails": [],
        "shippingDetails": [],
        "subscriptionDetails": []
    },
    "creditCardVerification": null,
    "subscription": null,
    "merchantAccount": null,
    "verification": null
}
<2020-03-11 16:13:08> {
    "success": true,
    "transaction": {
        "id": "4spy274z",
        "status": "submitted_for_settlement",
        "type": "sale",
        "currencyIsoCode": "USD",
        "amount": "3001.00",
        "merchantAccountId": "avacosmetika",
        "subMerchantAccountId": null,
        "masterMerchantAccountId": null,
        "orderId": null,
        "createdAt": {
            "date": "2020-03-11 20:13:08.000000",
            "timezone_type": 3,
            "timezone": "UTC"
        },
        "updatedAt": {
            "date": "2020-03-11 20:13:08.000000",
            "timezone_type": 3,
            "timezone": "UTC"
        },
        "customer": {
            "id": "5e56c8fa3c078604c7562b74",
            "firstName": "valentin",
            "lastName": "kormanov",
            "company": null,
            "email": "guve4e@gmail.com",
            "website": null,
            "phone": "2245789633",
            "fax": null,
            "globalId": "Y3VzdG9tZXJfNWU1NmM4ZmEzYzA3ODYwNGM3NTYyYjc0"
        },
        "billing": {
            "id": null,
            "firstName": null,
            "lastName": null,
            "company": null,
            "streetAddress": null,
            "extendedAddress": null,
            "locality": null,
            "region": null,
            "postalCode": "94107",
            "countryName": null,
            "countryCodeAlpha2": null,
            "countryCodeAlpha3": null,
            "countryCodeNumeric": null
        },
        "refundId": null,
        "refundIds": [],
        "refundedTransactionId": null,
        "partialSettlementTransactionIds": [],
        "authorizedTransactionId": null,
        "settlementBatchId": null,
        "shipping": {
            "id": null,
            "firstName": "valentin",
            "lastName": "kormanov",
            "company": null,
            "streetAddress": "1432 Golden Gate Boulevard",
            "extendedAddress": null,
            "locality": "Mayfield Heights",
            "region": null,
            "postalCode": "44124",
            "countryName": "United States of America",
            "countryCodeAlpha2": "US",
            "countryCodeAlpha3": "USA",
            "countryCodeNumeric": "840"
        },
        "customFields": null,
        "avsErrorResponseCode": null,
        "avsPostalCodeResponseCode": "M",
        "avsStreetAddressResponseCode": "I",
        "cvvResponseCode": "M",
        "gatewayRejectionReason": null,
        "processorAuthorizationCode": "02D1PK",
        "processorResponseCode": "1000",
        "processorResponseText": "Approved",
        "additionalProcessorResponse": null,
        "voiceReferralNumber": null,
        "purchaseOrderNumber": "1219",
        "taxAmount": "0.00",
        "taxExempt": false,
        "creditCard": {
            "token": null,
            "bin": "401288",
            "last4": "1881",
            "cardType": "Visa",
            "expirationMonth": "12",
            "expirationYear": "2021",
            "customerLocation": "US",
            "cardholderName": null,
            "imageUrl": "https:\/\/assets.braintreegateway.com\/payment_method_logo\/visa.png?environment=sandbox",
            "prepaid": "No",
            "healthcare": "Unknown",
            "debit": "Unknown",
            "durbinRegulated": "Unknown",
            "commercial": "Unknown",
            "payroll": "Unknown",
            "issuingBank": "Unknown",
            "countryOfIssuance": "Unknown",
            "productId": "Unknown",
            "globalId": null,
            "accountType": null,
            "uniqueNumberIdentifier": null,
            "venmoSdk": false
        },
        "statusHistory": [
            [],
            []
        ],
        "planId": null,
        "subscriptionId": null,
        "subscription": {
            "billingPeriodEndDate": null,
            "billingPeriodStartDate": null
        },
        "addOns": [],
        "discounts": [],
        "descriptor": [],
        "recurring": false,
        "channel": null,
        "serviceFeeAmount": null,
        "escrowStatus": null,
        "disbursementDetails": [],
        "disputes": [],
        "authorizationAdjustments": [],
        "paymentInstrumentType": "credit_card",
        "processorSettlementResponseCode": null,
        "processorSettlementResponseText": null,
        "networkResponseCode": "XX",
        "networkResponseText": "sample network response text",
        "threeDSecureInfo": null,
        "shipsFromPostalCode": "90212",
        "shippingAmount": "0.00",
        "discountAmount": "0.00",
        "networkTransactionId": "020200311201308",
        "processorResponseType": "approved",
        "authorizationExpiresAt": {
            "date": "2020-03-18 20:13:08.000000",
            "timezone_type": 3,
            "timezone": "UTC"
        },
        "refundGlobalIds": [],
        "partialSettlementTransactionGlobalIds": [],
        "refundedTransactionGlobalId": null,
        "authorizedTransactionGlobalId": null,
        "globalId": "dHJhbnNhY3Rpb25fNHNweTI3NHo",
        "retryIds": [],
        "retriedTransactionId": null,
        "retrievalReferenceNumber": "1234567",
        "creditCardDetails": [],
        "customerDetails": [],
        "billingDetails": [],
        "shippingDetails": [],
        "subscriptionDetails": []
    }
}
<2020-03-11 16:14:09> {
    "success": true,
    "transaction": {
        "id": "pe822cra",
        "status": "submitted_for_settlement",
        "type": "sale",
        "currencyIsoCode": "USD",
        "amount": "3001.00",
        "merchantAccountId": "avacosmetika",
        "subMerchantAccountId": null,
        "masterMerchantAccountId": null,
        "orderId": null,
        "createdAt": {
            "date": "2020-03-11 20:13:33.000000",
            "timezone_type": 3,
            "timezone": "UTC"
        },
        "updatedAt": {
            "date": "2020-03-11 20:13:33.000000",
            "timezone_type": 3,
            "timezone": "UTC"
        },
        "customer": {
            "id": "5e56c8fa3c078604c7562b74",
            "firstName": "valentin",
            "lastName": "kormanov",
            "company": null,
            "email": "guve4e@gmail.com",
            "website": null,
            "phone": "2245789633",
            "fax": null,
            "globalId": "Y3VzdG9tZXJfNWU1NmM4ZmEzYzA3ODYwNGM3NTYyYjc0"
        },
        "billing": {
            "id": null,
            "firstName": null,
            "lastName": null,
            "company": null,
            "streetAddress": null,
            "extendedAddress": null,
            "locality": null,
            "region": null,
            "postalCode": "94107",
            "countryName": null,
            "countryCodeAlpha2": null,
            "countryCodeAlpha3": null,
            "countryCodeNumeric": null
        },
        "refundId": null,
        "refundIds": [],
        "refundedTransactionId": null,
        "partialSettlementTransactionIds": [],
        "authorizedTransactionId": null,
        "settlementBatchId": null,
        "shipping": {
            "id": null,
            "firstName": "valentin",
            "lastName": "kormanov",
            "company": null,
            "streetAddress": "1432 Golden Gate Boulevard",
            "extendedAddress": null,
            "locality": "Mayfield Heights",
            "region": null,
            "postalCode": "44124",
            "countryName": "United States of America",
            "countryCodeAlpha2": "US",
            "countryCodeAlpha3": "USA",
            "countryCodeNumeric": "840"
        },
        "customFields": null,
        "avsErrorResponseCode": null,
        "avsPostalCodeResponseCode": "M",
        "avsStreetAddressResponseCode": "I",
        "cvvResponseCode": "M",
        "gatewayRejectionReason": null,
        "processorAuthorizationCode": "B9MJYV",
        "processorResponseCode": "1000",
        "processorResponseText": "Approved",
        "additionalProcessorResponse": null,
        "voiceReferralNumber": null,
        "purchaseOrderNumber": "1219",
        "taxAmount": "0.00",
        "taxExempt": false,
        "creditCard": {
            "token": null,
            "bin": "401288",
            "last4": "1881",
            "cardType": "Visa",
            "expirationMonth": "12",
            "expirationYear": "2021",
            "customerLocation": "US",
            "cardholderName": null,
            "imageUrl": "https:\/\/assets.braintreegateway.com\/payment_method_logo\/visa.png?environment=sandbox",
            "prepaid": "No",
            "healthcare": "Unknown",
            "debit": "Unknown",
            "durbinRegulated": "Unknown",
            "commercial": "Unknown",
            "payroll": "Unknown",
            "issuingBank": "Unknown",
            "countryOfIssuance": "Unknown",
            "productId": "Unknown",
            "globalId": null,
            "accountType": null,
            "uniqueNumberIdentifier": null,
            "venmoSdk": false
        },
        "statusHistory": [
            [],
            []
        ],
        "planId": null,
        "subscriptionId": null,
        "subscription": {
            "billingPeriodEndDate": null,
            "billingPeriodStartDate": null
        },
        "addOns": [],
        "discounts": [],
        "descriptor": [],
        "recurring": false,
        "channel": null,
        "serviceFeeAmount": null,
        "escrowStatus": null,
        "disbursementDetails": [],
        "disputes": [],
        "authorizationAdjustments": [],
        "paymentInstrumentType": "credit_card",
        "processorSettlementResponseCode": null,
        "processorSettlementResponseText": null,
        "networkResponseCode": "XX",
        "networkResponseText": "sample network response text",
        "threeDSecureInfo": null,
        "shipsFromPostalCode": "90212",
        "shippingAmount": "0.00",
        "discountAmount": "0.00",
        "networkTransactionId": "020200311201333",
        "processorResponseType": "approved",
        "authorizationExpiresAt": {
            "date": "2020-03-18 20:13:33.000000",
            "timezone_type": 3,
            "timezone": "UTC"
        },
        "refundGlobalIds": [],
        "partialSettlementTransactionGlobalIds": [],
        "refundedTransactionGlobalId": null,
        "authorizedTransactionGlobalId": null,
        "globalId": "dHJhbnNhY3Rpb25fcGU4MjJjcmE",
        "retryIds": [],
        "retriedTransactionId": null,
        "retrievalReferenceNumber": "1234567",
        "creditCardDetails": [],
        "customerDetails": [],
        "billingDetails": [],
        "shippingDetails": [],
        "subscriptionDetails": []
    }
}
<2020-03-11 16:18:59> {
    "errors": [],
    "params": {
        "transaction": {
            "type": "sale",
            "amount": "3000",
            "paymentMethodNonce": "fake-valid-nonce",
            "purchaseOrderNumber": "1219",
            "taxAmount": "0",
            "shippingAmount": "0",
            "discountAmount": "0",
            "shipsFromPostalCode": "90212",
            "shipping": {
                "firstName": "valentin",
                "lastName": "kormanov",
                "streetAddress": "1432 Golden Gate Boulevard",
                "extendedAddress": null,
                "locality": "Mayfield Heights",
                "region": null,
                "postalCode": "44124",
                "countryCodeAlpha3": "USA"
            },
            "customerId": "5e56c8fa3c078604c7562b74",
            "options": {
                "submitForSettlement": "true"
            }
        }
    },
    "message": "Processor Network Unavailable - Try Again",
    "transaction": {
        "id": "pd5sknjk",
        "status": "failed",
        "type": "sale",
        "currencyIsoCode": "USD",
        "amount": "3000.00",
        "merchantAccountId": "avacosmetika",
        "subMerchantAccountId": null,
        "masterMerchantAccountId": null,
        "orderId": null,
        "createdAt": {
            "date": "2020-03-11 20:15:23.000000",
            "timezone_type": 3,
            "timezone": "UTC"
        },
        "updatedAt": {
            "date": "2020-03-11 20:15:23.000000",
            "timezone_type": 3,
            "timezone": "UTC"
        },
        "customer": {
            "id": "5e56c8fa3c078604c7562b74",
            "firstName": "valentin",
            "lastName": "kormanov",
            "company": null,
            "email": "guve4e@gmail.com",
            "website": null,
            "phone": "2245789633",
            "fax": null,
            "globalId": "Y3VzdG9tZXJfNWU1NmM4ZmEzYzA3ODYwNGM3NTYyYjc0"
        },
        "billing": {
            "id": null,
            "firstName": null,
            "lastName": null,
            "company": null,
            "streetAddress": null,
            "extendedAddress": null,
            "locality": null,
            "region": null,
            "postalCode": "94107",
            "countryName": null,
            "countryCodeAlpha2": null,
            "countryCodeAlpha3": null,
            "countryCodeNumeric": null
        },
        "refundId": null,
        "refundIds": [],
        "refundedTransactionId": null,
        "partialSettlementTransactionIds": [],
        "authorizedTransactionId": null,
        "settlementBatchId": null,
        "shipping": {
            "id": null,
            "firstName": "valentin",
            "lastName": "kormanov",
            "company": null,
            "streetAddress": "1432 Golden Gate Boulevard",
            "extendedAddress": null,
            "locality": "Mayfield Heights",
            "region": null,
            "postalCode": "44124",
            "countryName": "United States of America",
            "countryCodeAlpha2": "US",
            "countryCodeAlpha3": "USA",
            "countryCodeNumeric": "840"
        },
        "customFields": null,
        "avsErrorResponseCode": null,
        "avsPostalCodeResponseCode": "M",
        "avsStreetAddressResponseCode": "I",
        "cvvResponseCode": "M",
        "gatewayRejectionReason": null,
        "processorAuthorizationCode": null,
        "processorResponseCode": "3000",
        "processorResponseText": "Processor Network Unavailable - Try Again",
        "additionalProcessorResponse": "3000 : Processor Network Unavailable - Try Again",
        "voiceReferralNumber": null,
        "purchaseOrderNumber": "1219",
        "taxAmount": "0.00",
        "taxExempt": false,
        "creditCard": {
            "token": null,
            "bin": "401288",
            "last4": "1881",
            "cardType": "Visa",
            "expirationMonth": "12",
            "expirationYear": "2021",
            "customerLocation": "US",
            "cardholderName": null,
            "imageUrl": "https:\/\/assets.braintreegateway.com\/payment_method_logo\/visa.png?environment=sandbox",
            "prepaid": "No",
            "healthcare": "Unknown",
            "debit": "Unknown",
            "durbinRegulated": "Unknown",
            "commercial": "Unknown",
            "payroll": "Unknown",
            "issuingBank": "Unknown",
            "countryOfIssuance": "Unknown",
            "productId": "Unknown",
            "globalId": null,
            "accountType": null,
            "uniqueNumberIdentifier": null,
            "venmoSdk": false
        },
        "statusHistory": [
            []
        ],
        "planId": null,
        "subscriptionId": null,
        "subscription": {
            "billingPeriodEndDate": null,
            "billingPeriodStartDate": null
        },
        "addOns": [],
        "discounts": [],
        "descriptor": [],
        "recurring": false,
        "channel": null,
        "serviceFeeAmount": null,
        "escrowStatus": null,
        "disbursementDetails": [],
        "disputes": [],
        "authorizationAdjustments": [],
        "paymentInstrumentType": "credit_card",
        "processorSettlementResponseCode": null,
        "processorSettlementResponseText": null,
        "networkResponseCode": "XX",
        "networkResponseText": "sample network response text",
        "threeDSecureInfo": null,
        "shipsFromPostalCode": "90212",
        "shippingAmount": "0.00",
        "discountAmount": "0.00",
        "networkTransactionId": "020200311201523",
        "processorResponseType": "soft_declined",
        "authorizationExpiresAt": null,
        "refundGlobalIds": [],
        "partialSettlementTransactionGlobalIds": [],
        "refundedTransactionGlobalId": null,
        "authorizedTransactionGlobalId": null,
        "globalId": "dHJhbnNhY3Rpb25fcGQ1c2tuams",
        "retryIds": [],
        "retriedTransactionId": null,
        "retrievalReferenceNumber": "1234567",
        "creditCardDetails": [],
        "customerDetails": [],
        "billingDetails": [],
        "shippingDetails": [],
        "subscriptionDetails": []
    },
    "creditCardVerification": null,
    "subscription": null,
    "merchantAccount": null,
    "verification": null
}
<2020-03-11 16:23:28> {
    "errors": [],
    "params": {
        "transaction": {
            "type": "sale",
            "amount": "5001",
            "paymentMethodNonce": "fake-valid-nonce",
            "purchaseOrderNumber": "1219",
            "taxAmount": "0",
            "shippingAmount": "0",
            "discountAmount": "0",
            "shipsFromPostalCode": "90212",
            "shipping": {
                "firstName": "valentin",
                "lastName": "kormanov",
                "streetAddress": "1432 Golden Gate Boulevard",
                "extendedAddress": null,
                "locality": "Mayfield Heights",
                "region": null,
                "postalCode": "44124",
                "countryCodeAlpha3": "USA"
            },
            "customerId": "5e56c8fa3c078604c7562b74",
            "options": {
                "submitForSettlement": "true"
            }
        }
    },
    "message": "Gateway Rejected: application_incomplete",
    "transaction": {
        "id": "hpdve4m8",
        "status": "gateway_rejected",
        "type": "sale",
        "currencyIsoCode": "USD",
        "amount": "5001.00",
        "merchantAccountId": "avacosmetika",
        "subMerchantAccountId": null,
        "masterMerchantAccountId": null,
        "orderId": null,
        "createdAt": {
            "date": "2020-03-11 20:22:28.000000",
            "timezone_type": 3,
            "timezone": "UTC"
        },
        "updatedAt": {
            "date": "2020-03-11 20:22:28.000000",
            "timezone_type": 3,
            "timezone": "UTC"
        },
        "customer": {
            "id": "5e56c8fa3c078604c7562b74",
            "firstName": "valentin",
            "lastName": "kormanov",
            "company": null,
            "email": "guve4e@gmail.com",
            "website": null,
            "phone": "2245789633",
            "fax": null,
            "globalId": "Y3VzdG9tZXJfNWU1NmM4ZmEzYzA3ODYwNGM3NTYyYjc0"
        },
        "billing": {
            "id": null,
            "firstName": null,
            "lastName": null,
            "company": null,
            "streetAddress": null,
            "extendedAddress": null,
            "locality": null,
            "region": null,
            "postalCode": "94107",
            "countryName": null,
            "countryCodeAlpha2": null,
            "countryCodeAlpha3": null,
            "countryCodeNumeric": null
        },
        "refundId": null,
        "refundIds": [],
        "refundedTransactionId": null,
        "partialSettlementTransactionIds": [],
        "authorizedTransactionId": null,
        "settlementBatchId": null,
        "shipping": {
            "id": null,
            "firstName": "valentin",
            "lastName": "kormanov",
            "company": null,
            "streetAddress": "1432 Golden Gate Boulevard",
            "extendedAddress": null,
            "locality": "Mayfield Heights",
            "region": null,
            "postalCode": "44124",
            "countryName": "United States of America",
            "countryCodeAlpha2": "US",
            "countryCodeAlpha3": "USA",
            "countryCodeNumeric": "840"
        },
        "customFields": null,
        "avsErrorResponseCode": null,
        "avsPostalCodeResponseCode": null,
        "avsStreetAddressResponseCode": null,
        "cvvResponseCode": null,
        "gatewayRejectionReason": "application_incomplete",
        "processorAuthorizationCode": null,
        "processorResponseCode": null,
        "processorResponseText": "Unknown ()",
        "additionalProcessorResponse": null,
        "voiceReferralNumber": null,
        "purchaseOrderNumber": "1219",
        "taxAmount": "0.00",
        "taxExempt": false,
        "creditCard": {
            "token": null,
            "bin": "401288",
            "last4": "1881",
            "cardType": "Visa",
            "expirationMonth": "12",
            "expirationYear": "2021",
            "customerLocation": "US",
            "cardholderName": null,
            "imageUrl": "https:\/\/assets.braintreegateway.com\/payment_method_logo\/visa.png?environment=sandbox",
            "prepaid": "No",
            "healthcare": "Unknown",
            "debit": "Unknown",
            "durbinRegulated": "Unknown",
            "commercial": "Unknown",
            "payroll": "Unknown",
            "issuingBank": "Unknown",
            "countryOfIssuance": "Unknown",
            "productId": "Unknown",
            "globalId": null,
            "accountType": null,
            "uniqueNumberIdentifier": null,
            "venmoSdk": false
        },
        "statusHistory": [
            []
        ],
        "planId": null,
        "subscriptionId": null,
        "subscription": {
            "billingPeriodEndDate": null,
            "billingPeriodStartDate": null
        },
        "addOns": [],
        "discounts": [],
        "descriptor": [],
        "recurring": false,
        "channel": null,
        "serviceFeeAmount": null,
        "escrowStatus": null,
        "disbursementDetails": [],
        "disputes": [],
        "authorizationAdjustments": [],
        "paymentInstrumentType": "credit_card",
        "processorSettlementResponseCode": null,
        "processorSettlementResponseText": null,
        "networkResponseCode": null,
        "networkResponseText": null,
        "threeDSecureInfo": null,
        "shipsFromPostalCode": "90212",
        "shippingAmount": "0.00",
        "discountAmount": "0.00",
        "networkTransactionId": null,
        "processorResponseType": null,
        "authorizationExpiresAt": null,
        "refundGlobalIds": [],
        "partialSettlementTransactionGlobalIds": [],
        "refundedTransactionGlobalId": null,
        "authorizedTransactionGlobalId": null,
        "globalId": "dHJhbnNhY3Rpb25faHBkdmU0bTg",
        "retryIds": [],
        "retriedTransactionId": null,
        "retrievalReferenceNumber": null,
        "creditCardDetails": [],
        "customerDetails": [],
        "billingDetails": [],
        "shippingDetails": [],
        "subscriptionDetails": []
    },
    "creditCardVerification": null,
    "subscription": null,
    "merchantAccount": null,
    "verification": null
}
