<2020-03-11 16:01:54> {
    "amount": 2000,
    "paymentMethodNonce": "fake-valid-nonce",
    "purchaseOrderNumber": 1219,
    "taxAmount": 0,
    "shippingAmount": 0,
    "discountAmount": 0,
    "shipsFromPostalCode": "90212",
    "shipping": {
        "firstName": "valentin",
        "lastName": "kormanov",
        "streetAddress": "1432 Golden Gate Boulevard",
        "extendedAddress": "",
        "locality": "Mayfield Heights",
        "region": "",
        "postalCode": "44124",
        "countryCodeAlpha3": "USA"
    },
    "customer": {
        "id": "5e56c8fa3c078604c7562b74",
        "firstName": "valentin",
        "lastName": "kormanov",
        "email": "guve4e@gmail.com",
        "phone": "2245789633"
    },
    "lineItems": [
        {
            "name": "The Vitamin C Serum",
            "kind": "debit",
            "quantity": 1,
            "unitAmount": 150,
            "unitOfMeasure": "unit",
            "totalAmount": 150,
            "taxAmount": 0,
            "discountAmount": 0,
            "productCode": "850013620005"
        },
        {
            "name": "The Vitamin C Serum",
            "kind": "debit",
            "quantity": 1,
            "unitAmount": 170,
            "unitOfMeasure": "unit",
            "totalAmount": 170,
            "taxAmount": 0,
            "discountAmount": 0,
            "productCode": "850013620006"
        }
    ]
}
<2020-03-11 16:04:49> {
    "amount": 3000,
    "paymentMethodNonce": "fake-valid-nonce",
    "purchaseOrderNumber": 1219,
    "taxAmount": 0,
    "shippingAmount": 0,
    "discountAmount": 0,
    "shipsFromPostalCode": "90212",
    "shipping": {
        "firstName": "valentin",
        "lastName": "kormanov",
        "streetAddress": "1432 Golden Gate Boulevard",
        "extendedAddress": "",
        "locality": "Mayfield Heights",
        "region": "",
        "postalCode": "44124",
        "countryCodeAlpha3": "USA"
    },
    "customer": {
        "id": "5e56c8fa3c078604c7562b74",
        "firstName": "valentin",
        "lastName": "kormanov",
        "email": "guve4e@gmail.com",
        "phone": "2245789633"
    },
    "lineItems": [
        {
            "name": "The Vitamin C Serum",
            "kind": "debit",
            "quantity": 1,
            "unitAmount": 150,
            "unitOfMeasure": "unit",
            "totalAmount": 150,
            "taxAmount": 0,
            "discountAmount": 0,
            "productCode": "850013620005"
        },
        {
            "name": "The Vitamin C Serum",
            "kind": "debit",
            "quantity": 1,
            "unitAmount": 170,
            "unitOfMeasure": "unit",
            "totalAmount": 170,
            "taxAmount": 0,
            "discountAmount": 0,
            "productCode": "850013620006"
        }
    ]
}
<2020-03-11 16:05:15> {
    "amount": 3000,
    "paymentMethodNonce": "fake-valid-nonce",
    "purchaseOrderNumber": 1219,
    "taxAmount": 0,
    "shippingAmount": 0,
    "discountAmount": 0,
    "shipsFromPostalCode": "90212",
    "shipping": {
        "firstName": "valentin",
        "lastName": "kormanov",
        "streetAddress": "1432 Golden Gate Boulevard",
        "extendedAddress": "",
        "locality": "Mayfield Heights",
        "region": "",
        "postalCode": "44124",
        "countryCodeAlpha3": "USA"
    },
    "customer": {
        "id": "5e56c8fa3c078604c7562b74",
        "firstName": "valentin",
        "lastName": "kormanov",
        "email": "guve4e@gmail.com",
        "phone": "2245789633"
    },
    "lineItems": [
        {
            "name": "The Vitamin C Serum",
            "kind": "debit",
            "quantity": 1,
            "unitAmount": 150,
            "unitOfMeasure": "unit",
            "totalAmount": 150,
            "taxAmount": 0,
            "discountAmount": 0,
            "productCode": "850013620005"
        },
        {
            "name": "The Vitamin C Serum",
            "kind": "debit",
            "quantity": 1,
            "unitAmount": 170,
            "unitOfMeasure": "unit",
            "totalAmount": 170,
            "taxAmount": 0,
            "discountAmount": 0,
            "productCode": "850013620006"
        }
    ]
}
<2020-03-11 16:13:07> {
    "amount": 3001,
    "paymentMethodNonce": "fake-valid-nonce",
    "purchaseOrderNumber": 1219,
    "taxAmount": 0,
    "shippingAmount": 0,
    "discountAmount": 0,
    "shipsFromPostalCode": "90212",
    "shipping": {
        "firstName": "valentin",
        "lastName": "kormanov",
        "streetAddress": "1432 Golden Gate Boulevard",
        "extendedAddress": "",
        "locality": "Mayfield Heights",
        "region": "",
        "postalCode": "44124",
        "countryCodeAlpha3": "USA"
    },
    "customer": {
        "id": "5e56c8fa3c078604c7562b74",
        "firstName": "valentin",
        "lastName": "kormanov",
        "email": "guve4e@gmail.com",
        "phone": "2245789633"
    },
    "lineItems": [
        {
            "name": "The Vitamin C Serum",
            "kind": "debit",
            "quantity": 1,
            "unitAmount": 150,
            "unitOfMeasure": "unit",
            "totalAmount": 150,
            "taxAmount": 0,
            "discountAmount": 0,
            "productCode": "850013620005"
        },
        {
            "name": "The Vitamin C Serum",
            "kind": "debit",
            "quantity": 1,
            "unitAmount": 170,
            "unitOfMeasure": "unit",
            "totalAmount": 170,
            "taxAmount": 0,
            "discountAmount": 0,
            "productCode": "850013620006"
        }
    ]
}
<2020-03-11 16:13:32> {
    "amount": 3001,
    "paymentMethodNonce": "fake-valid-nonce",
    "purchaseOrderNumber": 1219,
    "taxAmount": 0,
    "shippingAmount": 0,
    "discountAmount": 0,
    "shipsFromPostalCode": "90212",
    "shipping": {
        "firstName": "valentin",
        "lastName": "kormanov",
        "streetAddress": "1432 Golden Gate Boulevard",
        "extendedAddress": "",
        "locality": "Mayfield Heights",
        "region": "",
        "postalCode": "44124",
        "countryCodeAlpha3": "USA"
    },
    "customer": {
        "id": "5e56c8fa3c078604c7562b74",
        "firstName": "valentin",
        "lastName": "kormanov",
        "email": "guve4e@gmail.com",
        "phone": "2245789633"
    },
    "lineItems": [
        {
            "name": "The Vitamin C Serum",
            "kind": "debit",
            "quantity": 1,
            "unitAmount": 150,
            "unitOfMeasure": "unit",
            "totalAmount": 150,
            "taxAmount": 0,
            "discountAmount": 0,
            "productCode": "850013620005"
        },
        {
            "name": "The Vitamin C Serum",
            "kind": "debit",
            "quantity": 1,
            "unitAmount": 170,
            "unitOfMeasure": "unit",
            "totalAmount": 170,
            "taxAmount": 0,
            "discountAmount": 0,
            "productCode": "850013620006"
        }
    ]
}
<2020-03-11 16:14:23> {
    "amount": 3001,
    "paymentMethodNonce": "fake-valid-nonce",
    "purchaseOrderNumber": 1219,
    "taxAmount": 0,
    "shippingAmount": 0,
    "discountAmount": 0,
    "shipsFromPostalCode": "90212",
    "shipping": {
        "firstName": "valentin",
        "lastName": "kormanov",
        "streetAddress": "1432 Golden Gate Boulevard",
        "extendedAddress": "",
        "locality": "Mayfield Heights",
        "region": "",
        "postalCode": "44124",
        "countryCodeAlpha3": "USA"
    },
    "customer": {
        "id": "5e56c8fa3c078604c7562b74",
        "firstName": "valentin",
        "lastName": "kormanov",
        "email": "guve4e@gmail.com",
        "phone": "2245789633"
    },
    "lineItems": [
        {
            "name": "The Vitamin C Serum",
            "kind": "debit",
            "quantity": 1,
            "unitAmount": 150,
            "unitOfMeasure": "unit",
            "totalAmount": 150,
            "taxAmount": 0,
            "discountAmount": 0,
            "productCode": "850013620005"
        },
        {
            "name": "The Vitamin C Serum",
            "kind": "debit",
            "quantity": 1,
            "unitAmount": 170,
            "unitOfMeasure": "unit",
            "totalAmount": 170,
            "taxAmount": 0,
            "discountAmount": 0,
            "productCode": "850013620006"
        }
    ]
}
<2020-03-11 16:14:57> {
    "amount": 300,
    "paymentMethodNonce": "fake-valid-nonce",
    "purchaseOrderNumber": 1219,
    "taxAmount": 0,
    "shippingAmount": 0,
    "discountAmount": 0,
    "shipsFromPostalCode": "90212",
    "shipping": {
        "firstName": "valentin",
        "lastName": "kormanov",
        "streetAddress": "1432 Golden Gate Boulevard",
        "extendedAddress": "",
        "locality": "Mayfield Heights",
        "region": "",
        "postalCode": "44124",
        "countryCodeAlpha3": "USA"
    },
    "customer": {
        "id": "5e56c8fa3c078604c7562b74",
        "firstName": "valentin",
        "lastName": "kormanov",
        "email": "guve4e@gmail.com",
        "phone": "2245789633"
    },
    "lineItems": [
        {
            "name": "The Vitamin C Serum",
            "kind": "debit",
            "quantity": 1,
            "unitAmount": 150,
            "unitOfMeasure": "unit",
            "totalAmount": 150,
            "taxAmount": 0,
            "discountAmount": 0,
            "productCode": "850013620005"
        },
        {
            "name": "The Vitamin C Serum",
            "kind": "debit",
            "quantity": 1,
            "unitAmount": 170,
            "unitOfMeasure": "unit",
            "totalAmount": 170,
            "taxAmount": 0,
            "discountAmount": 0,
            "productCode": "850013620006"
        }
    ]
}
<2020-03-11 16:15:22> {
    "amount": 3000,
    "paymentMethodNonce": "fake-valid-nonce",
    "purchaseOrderNumber": 1219,
    "taxAmount": 0,
    "shippingAmount": 0,
    "discountAmount": 0,
    "shipsFromPostalCode": "90212",
    "shipping": {
        "firstName": "valentin",
        "lastName": "kormanov",
        "streetAddress": "1432 Golden Gate Boulevard",
        "extendedAddress": "",
        "locality": "Mayfield Heights",
        "region": "",
        "postalCode": "44124",
        "countryCodeAlpha3": "USA"
    },
    "customer": {
        "id": "5e56c8fa3c078604c7562b74",
        "firstName": "valentin",
        "lastName": "kormanov",
        "email": "guve4e@gmail.com",
        "phone": "2245789633"
    },
    "lineItems": [
        {
            "name": "The Vitamin C Serum",
            "kind": "debit",
            "quantity": 1,
            "unitAmount": 150,
            "unitOfMeasure": "unit",
            "totalAmount": 150,
            "taxAmount": 0,
            "discountAmount": 0,
            "productCode": "850013620005"
        },
        {
            "name": "The Vitamin C Serum",
            "kind": "debit",
            "quantity": 1,
            "unitAmount": 170,
            "unitOfMeasure": "unit",
            "totalAmount": 170,
            "taxAmount": 0,
            "discountAmount": 0,
            "productCode": "850013620006"
        }
    ]
}
<2020-03-11 16:19:13> {
    "amount": 300,
    "paymentMethodNonce": "fake-valid-nonce",
    "purchaseOrderNumber": 1219,
    "taxAmount": 0,
    "shippingAmount": 0,
    "discountAmount": 0,
    "shipsFromPostalCode": "90212",
    "shipping": {
        "firstName": "valentin",
        "lastName": "kormanov",
        "streetAddress": "1432 Golden Gate Boulevard",
        "extendedAddress": "",
        "locality": "Mayfield Heights",
        "region": "",
        "postalCode": "44124",
        "countryCodeAlpha3": "USA"
    },
    "customer": {
        "id": "5e56c8fa3c078604c7562b74",
        "firstName": "valentin",
        "lastName": "kormanov",
        "email": "guve4e@gmail.com",
        "phone": "2245789633"
    },
    "lineItems": [
        {
            "name": "The Vitamin C Serum",
            "kind": "debit",
            "quantity": 1,
            "unitAmount": 150,
            "unitOfMeasure": "unit",
            "totalAmount": 150,
            "taxAmount": 0,
            "discountAmount": 0,
            "productCode": "850013620005"
        },
        {
            "name": "The Vitamin C Serum",
            "kind": "debit",
            "quantity": 1,
            "unitAmount": 170,
            "unitOfMeasure": "unit",
            "totalAmount": 170,
            "taxAmount": 0,
            "discountAmount": 0,
            "productCode": "850013620006"
        }
    ]
}
<2020-03-11 16:20:34> {
    "amount": 4001,
    "paymentMethodNonce": "fake-valid-nonce",
    "purchaseOrderNumber": 1219,
    "taxAmount": 0,
    "shippingAmount": 0,
    "discountAmount": 0,
    "shipsFromPostalCode": "90212",
    "shipping": {
        "firstName": "valentin",
        "lastName": "kormanov",
        "streetAddress": "1432 Golden Gate Boulevard",
        "extendedAddress": "",
        "locality": "Mayfield Heights",
        "region": "",
        "postalCode": "44124",
        "countryCodeAlpha3": "USA"
    },
    "customer": {
        "id": "5e56c8fa3c078604c7562b74",
        "firstName": "valentin",
        "lastName": "kormanov",
        "email": "guve4e@gmail.com",
        "phone": "2245789633"
    },
    "lineItems": [
        {
            "name": "The Vitamin C Serum",
            "kind": "debit",
            "quantity": 1,
            "unitAmount": 150,
            "unitOfMeasure": "unit",
            "totalAmount": 150,
            "taxAmount": 0,
            "discountAmount": 0,
            "productCode": "850013620005"
        },
        {
            "name": "The Vitamin C Serum",
            "kind": "debit",
            "quantity": 1,
            "unitAmount": 170,
            "unitOfMeasure": "unit",
            "totalAmount": 170,
            "taxAmount": 0,
            "discountAmount": 0,
            "productCode": "850013620006"
        }
    ]
}
<2020-03-11 16:22:26> {
    "amount": 5001,
    "paymentMethodNonce": "fake-valid-nonce",
    "purchaseOrderNumber": 1219,
    "taxAmount": 0,
    "shippingAmount": 0,
    "discountAmount": 0,
    "shipsFromPostalCode": "90212",
    "shipping": {
        "firstName": "valentin",
        "lastName": "kormanov",
        "streetAddress": "1432 Golden Gate Boulevard",
        "extendedAddress": "",
        "locality": "Mayfield Heights",
        "region": "",
        "postalCode": "44124",
        "countryCodeAlpha3": "USA"
    },
    "customer": {
        "id": "5e56c8fa3c078604c7562b74",
        "firstName": "valentin",
        "lastName": "kormanov",
        "email": "guve4e@gmail.com",
        "phone": "2245789633"
    },
    "lineItems": [
        {
            "name": "The Vitamin C Serum",
            "kind": "debit",
            "quantity": 1,
            "unitAmount": 150,
            "unitOfMeasure": "unit",
            "totalAmount": 150,
            "taxAmount": 0,
            "discountAmount": 0,
            "productCode": "850013620005"
        },
        {
            "name": "The Vitamin C Serum",
            "kind": "debit",
            "quantity": 1,
            "unitAmount": 170,
            "unitOfMeasure": "unit",
            "totalAmount": 170,
            "taxAmount": 0,
            "discountAmount": 0,
            "productCode": "850013620006"
        }
    ]
}
<2020-03-11 16:23:49> {
    "amount": 5001.01,
    "paymentMethodNonce": "fake-valid-nonce",
    "purchaseOrderNumber": 1219,
    "taxAmount": 0,
    "shippingAmount": 0,
    "discountAmount": 0,
    "shipsFromPostalCode": "90212",
    "shipping": {
        "firstName": "valentin",
        "lastName": "kormanov",
        "streetAddress": "1432 Golden Gate Boulevard",
        "extendedAddress": "",
        "locality": "Mayfield Heights",
        "region": "",
        "postalCode": "44124",
        "countryCodeAlpha3": "USA"
    },
    "customer": {
        "id": "5e56c8fa3c078604c7562b74",
        "firstName": "valentin",
        "lastName": "kormanov",
        "email": "guve4e@gmail.com",
        "phone": "2245789633"
    },
    "lineItems": [
        {
            "name": "The Vitamin C Serum",
            "kind": "debit",
            "quantity": 1,
            "unitAmount": 150,
            "unitOfMeasure": "unit",
            "totalAmount": 150,
            "taxAmount": 0,
            "discountAmount": 0,
            "productCode": "850013620005"
        },
        {
            "name": "The Vitamin C Serum",
            "kind": "debit",
            "quantity": 1,
            "unitAmount": 170,
            "unitOfMeasure": "unit",
            "totalAmount": 170,
            "taxAmount": 0,
            "discountAmount": 0,
            "productCode": "850013620006"
        }
    ]
}
<2020-03-11 16:24:31> {
    "amount": 5001.01,
    "paymentMethodNonce": "fake-valid-nonce",
    "purchaseOrderNumber": 1219,
    "taxAmount": 0,
    "shippingAmount": 0,
    "discountAmount": 0,
    "shipsFromPostalCode": "90212",
    "shipping": {
        "firstName": "valentin",
        "lastName": "kormanov",
        "streetAddress": "1432 Golden Gate Boulevard",
        "extendedAddress": "",
        "locality": "Mayfield Heights",
        "region": "",
        "postalCode": "44124",
        "countryCodeAlpha3": "USA"
    },
    "customer": {
        "id": "5e56c8fa3c078604c7562b74",
        "firstName": "valentin",
        "lastName": "kormanov",
        "email": "guve4e@gmail.com",
        "phone": "2245789633"
    },
    "lineItems": [
        {
            "name": "The Vitamin C Serum",
            "kind": "debit",
            "quantity": 1,
            "unitAmount": 150,
            "unitOfMeasure": "unit",
            "totalAmount": 150,
            "taxAmount": 0,
            "discountAmount": 0,
            "productCode": "850013620005"
        },
        {
            "name": "The Vitamin C Serum",
            "kind": "debit",
            "quantity": 1,
            "unitAmount": 170,
            "unitOfMeasure": "unit",
            "totalAmount": 170,
            "taxAmount": 0,
            "discountAmount": 0,
            "productCode": "850013620006"
        }
    ]
}
<2020-03-11 16:34:14> {
    "amount": 5001.01,
    "paymentMethodNonce": "fake-valid-nonce",
    "purchaseOrderNumber": 1219,
    "taxAmount": 0,
    "shippingAmount": 0,
    "discountAmount": 0,
    "shipsFromPostalCode": "90212",
    "shipping": {
        "firstName": "valentin",
        "lastName": "kormanov",
        "streetAddress": "1432 Golden Gate Boulevard",
        "extendedAddress": "",
        "locality": "Mayfield Heights",
        "region": "",
        "postalCode": "44124",
        "countryCodeAlpha3": "USA"
    },
    "customer": {
        "id": "5e56c8fa3c078604c7562b74",
        "firstName": "valentin",
        "lastName": "kormanov",
        "email": "guve4e@gmail.com",
        "phone": "2245789633"
    },
    "lineItems": [
        {
            "name": "The Vitamin C Serum",
            "kind": "debit",
            "quantity": 1,
            "unitAmount": 150,
            "unitOfMeasure": "unit",
            "totalAmount": 150,
            "taxAmount": 0,
            "discountAmount": 0,
            "productCode": "850013620005"
        },
        {
            "name": "The Vitamin C Serum",
            "kind": "debit",
            "quantity": 1,
            "unitAmount": 170,
            "unitOfMeasure": "unit",
            "totalAmount": 170,
            "taxAmount": 0,
            "discountAmount": 0,
            "productCode": "850013620006"
        }
    ]
}
<2020-03-11 16:35:10> {
    "amount": 50.01,
    "paymentMethodNonce": "fake-valid-nonce",
    "purchaseOrderNumber": 1219,
    "taxAmount": 0,
    "shippingAmount": 0,
    "discountAmount": 0,
    "shipsFromPostalCode": "90212",
    "shipping": {
        "firstName": "valentin",
        "lastName": "kormanov",
        "streetAddress": "1432 Golden Gate Boulevard",
        "extendedAddress": "",
        "locality": "Mayfield Heights",
        "region": "",
        "postalCode": "44124",
        "countryCodeAlpha3": "USA"
    },
    "customer": {
        "id": "5e56c8fa3c078604c7562b74",
        "firstName": "valentin",
        "lastName": "kormanov",
        "email": "guve4e@gmail.com",
        "phone": "2245789633"
    },
    "lineItems": [
        {
            "name": "The Vitamin C Serum",
            "kind": "debit",
            "quantity": 1,
            "unitAmount": 150,
            "unitOfMeasure": "unit",
            "totalAmount": 150,
            "taxAmount": 0,
            "discountAmount": 0,
            "productCode": "850013620005"
        },
        {
            "name": "The Vitamin C Serum",
            "kind": "debit",
            "quantity": 1,
            "unitAmount": 170,
            "unitOfMeasure": "unit",
            "totalAmount": 170,
            "taxAmount": 0,
            "discountAmount": 0,
            "productCode": "850013620006"
        }
    ]
}
<2020-03-11 16:35:28> {
    "amount": 50.01,
    "paymentMethodNonce": "fake-valid-nonce",
    "purchaseOrderNumber": 1219,
    "taxAmount": 0,
    "shippingAmount": 0,
    "discountAmount": 0,
    "shipsFromPostalCode": "90212",
    "shipping": {
        "firstName": "valentin",
        "lastName": "kormanov",
        "streetAddress": "1432 Golden Gate Boulevard",
        "extendedAddress": "",
        "locality": "Mayfield Heights",
        "region": "",
        "postalCode": "44124",
        "countryCodeAlpha3": "USA"
    },
    "customer": {
        "id": "5e56c8fa3c078604c7562b74",
        "firstName": "valentin",
        "lastName": "kormanov",
        "email": "guve4e@gmail.com",
        "phone": "2245789633"
    },
    "lineItems": [
        {
            "name": "The Vitamin C Serum",
            "kind": "debit",
            "quantity": 1,
            "unitAmount": 150,
            "unitOfMeasure": "unit",
            "totalAmount": 150,
            "taxAmount": 0,
            "discountAmount": 0,
            "productCode": "850013620005"
        },
        {
            "name": "The Vitamin C Serum",
            "kind": "debit",
            "quantity": 1,
            "unitAmount": 170,
            "unitOfMeasure": "unit",
            "totalAmount": 170,
            "taxAmount": 0,
            "discountAmount": 0,
            "productCode": "850013620006"
        }
    ]
}
